port portSetup init dev:vcan0 
portSendCAN send> 0x111: size:4 01 02 03 04 
listening on vcan0
portSendCAN send> 0x18da1ef9: size:3 02 10 03 
portRecvCAN receive> 0x18daf91e: size:8 02 50 03 AA AA AA AA AA 
session positive response
response data:50 03 
portSendCAN send> 0x18da1ef9: size:3 02 11 03 
portRecvCAN receive> 0x18daf91e: size:8 03 7F 11 13 AA AA AA AA 

id:18da1ef9 dl:8 data:12 00 36 01 00 01 02 03 
portSendCAN send> 0x18da1ef9: size:8 12 00 36 01 00 01 02 03 
portRecvCAN receive> 0x18daf91e: size:8 30 00 0A AA AA AA AA AA 
portSendCAN send> 0x18da1ef9: size:8 21 04 05 06 07 08 09 0A 
portSendCAN send> 0x18da1ef9: size:8 22 0B 0C 0D 0E 0F 10 11 
portSendCAN send> 0x18da1ef9: size:8 23 12 13 14 15 16 17 18 
portSendCAN send> 0x18da1ef9: size:8 24 19 1A 1B 1C 1D 1E 1F 
portSendCAN send> 0x18da1ef9: size:8 25 20 21 22 23 24 25 26 
portSendCAN send> 0x18da1ef9: size:8 26 27 28 29 2A 2B 2C 2D 
portSendCAN send> 0x18da1ef9: size:8 27 2E 2F 30 31 32 33 34 
portSendCAN send> 0x18da1ef9: size:8 28 35 36 37 38 39 3A 3B 
portSendCAN send> 0x18da1ef9: size:8 29 3C 3D 3E 3F 40 41 42 
portSendCAN send> 0x18da1ef9: size:8 2A 43 44 45 46 47 48 49 
portSendCAN send> 0x18da1ef9: size:8 2B 4A 4B 4C 4D 4E 4F 50 
portSendCAN send> 0x18da1ef9: size:8 2C 51 52 53 54 55 56 57 
portSendCAN send> 0x18da1ef9: size:8 2D 58 59 5A 5B 5C 5D 5E 
portSendCAN send> 0x18da1ef9: size:8 2E 5F 60 61 62 63 64 65 
portSendCAN send> 0x18da1ef9: size:8 2F 66 67 68 69 6A 6B 6C 
portSendCAN send> 0x18da1ef9: size:8 20 6D 6E 6F 70 71 72 73 
portSendCAN send> 0x18da1ef9: size:8 21 74 75 76 77 78 79 7A 
portSendCAN send> 0x18da1ef9: size:8 22 7B 7C 7D 7E 7F 80 81 
portSendCAN send> 0x18da1ef9: size:8 23 82 83 84 85 86 87 88 
portSendCAN send> 0x18da1ef9: size:8 24 89 8A 8B 8C 8D 8E 8F 
portSendCAN send> 0x18da1ef9: size:8 25 90 91 92 93 94 95 96 
portSendCAN send> 0x18da1ef9: size:8 26 97 98 99 9A 9B 9C 9D 
portSendCAN send> 0x18da1ef9: size:8 27 9E 9F A0 A1 A2 A3 A4 
portSendCAN send> 0x18da1ef9: size:8 28 A5 A6 A7 A8 A9 AA AB 
portSendCAN send> 0x18da1ef9: size:8 29 AC AD AE AF B0 B1 B2 
portSendCAN send> 0x18da1ef9: size:8 2A B3 B4 B5 B6 B7 B8 B9 
portSendCAN send> 0x18da1ef9: size:8 2B BA BB BC BD BE BF C0 
portSendCAN send> 0x18da1ef9: size:8 2C C1 C2 C3 C4 C5 C6 C7 
portSendCAN send> 0x18da1ef9: size:8 2D C8 C9 CA CB CC CD CE 
portSendCAN send> 0x18da1ef9: size:8 2E CF D0 D1 D2 D3 D4 D5 
portSendCAN send> 0x18da1ef9: size:8 2F D6 D7 D8 D9 DA DB DC 
portSendCAN send> 0x18da1ef9: size:8 20 DD DE DF E0 E1 E2 E3 
portSendCAN send> 0x18da1ef9: size:8 21 E4 E5 E6 E7 E8 E9 EA 
portSendCAN send> 0x18da1ef9: size:8 22 EB EC ED EE EF F0 F1 
portSendCAN send> 0x18da1ef9: size:8 23 F2 F3 F4 F5 F6 F7 F8 
portSendCAN send> 0x18da1ef9: size:8 24 F9 FA FB FC FD FE FF 
portSendCAN send> 0x18da1ef9: size:8 25 00 01 02 03 04 05 06 
portSendCAN send> 0x18da1ef9: size:8 26 07 08 09 0A 0B 0C 0D 
portSendCAN send> 0x18da1ef9: size:8 27 0E 0F 10 11 12 13 14 
portSendCAN send> 0x18da1ef9: size:8 28 15 16 17 18 19 1A 1B 
portSendCAN send> 0x18da1ef9: size:8 29 1C 1D 1E 1F 20 21 22 
portSendCAN send> 0x18da1ef9: size:8 2A 23 24 25 26 27 28 29 
portSendCAN send> 0x18da1ef9: size:8 2B 2A 2B 2C 2D 2E 2F 30 
portSendCAN send> 0x18da1ef9: size:8 2C 31 32 33 34 35 36 37 
portSendCAN send> 0x18da1ef9: size:8 2D 38 39 3A 3B 3C 3D 3E 
portSendCAN send> 0x18da1ef9: size:8 2E 3F 40 41 42 43 44 45 
portSendCAN send> 0x18da1ef9: size:8 2F 46 47 48 49 4A 4B 4C 
portSendCAN send> 0x18da1ef9: size:8 20 4D 4E 4F 50 51 52 53 
portSendCAN send> 0x18da1ef9: size:8 21 54 55 56 57 58 59 5A 
portSendCAN send> 0x18da1ef9: size:8 22 5B 5C 5D 5E 5F 60 61 
portSendCAN send> 0x18da1ef9: size:8 23 62 63 64 65 66 67 68 
portSendCAN send> 0x18da1ef9: size:8 24 69 6A 6B 6C 6D 6E 6F 
portSendCAN send> 0x18da1ef9: size:8 25 70 71 72 73 74 75 76 
portSendCAN send> 0x18da1ef9: size:8 26 77 78 79 7A 7B 7C 7D 
portSendCAN send> 0x18da1ef9: size:8 27 7E 7F 80 81 82 83 84 
portSendCAN send> 0x18da1ef9: size:8 28 85 86 87 88 89 8A 8B 
portSendCAN send> 0x18da1ef9: size:8 29 8C 8D 8E 8F 90 91 92 
portSendCAN send> 0x18da1ef9: size:8 2A 93 94 95 96 97 98 99 
portSendCAN send> 0x18da1ef9: size:8 2B 9A 9B 9C 9D 9E 9F A0 
portSendCAN send> 0x18da1ef9: size:8 2C A1 A2 A3 A4 A5 A6 A7 
portSendCAN send> 0x18da1ef9: size:8 2D A8 A9 AA AB AC AD AE 
portSendCAN send> 0x18da1ef9: size:8 2E AF B0 B1 B2 B3 B4 B5 
portSendCAN send> 0x18da1ef9: size:8 2F B6 B7 B8 B9 BA BB BC 
portSendCAN send> 0x18da1ef9: size:8 20 BD BE BF C0 C1 C2 C3 
portSendCAN send> 0x18da1ef9: size:8 21 C4 C5 C6 C7 C8 C9 CA 
portSendCAN send> 0x18da1ef9: size:8 22 CB CC CD CE CF D0 D1 
portSendCAN send> 0x18da1ef9: size:8 23 D2 D3 D4 D5 D6 D7 D8 
portSendCAN send> 0x18da1ef9: size:8 24 D9 DA DB DC DD DE DF 
portSendCAN send> 0x18da1ef9: size:8 25 E0 E1 E2 E3 E4 E5 E6 
portSendCAN send> 0x18da1ef9: size:8 26 E7 E8 E9 EA EB EC ED 
portSendCAN send> 0x18da1ef9: size:8 27 EE EF F0 F1 F2 F3 F4 
portSendCAN send> 0x18da1ef9: size:8 28 F5 F6 F7 F8 F9 FA FB 
portSendCAN send> 0x18da1ef9: size:8 29 FC FD AA AA AA AA AA 
session negative response